<?xml version="1.0" encoding="UTF-8"?>
<!-- Generated by org.testng.reporters.JUnitReportReporter -->
<testsuite skipped="0" hostname="ArpitaPC" name="Testcases.LoginApp" tests="1" failures="0" timestamp="2020-02-23T16:32:33 IST" time="21.372" errors="0">
  <testcase name="login" time="21.372" classname="Testcases.LoginApp"/>
</testsuite> <!-- Testcases.LoginApp -->
